/*C4*/SET SCHEMA PUBLIC
DELETE FROM ID_LIST WHERE ID=13
INSERT INTO ID_LIST VALUES(13,'state',4001)
COMMIT
DISCONNECT
/*C5*/SET SCHEMA PUBLIC
INSERT INTO STATE VALUES(4001,'MN','Minnesota')
COMMIT
DISCONNECT
/*C6*/SET SCHEMA PUBLIC
DELETE FROM ID_LIST WHERE ID=13
INSERT INTO ID_LIST VALUES(13,'state',4002)
COMMIT
DISCONNECT
/*C7*/SET SCHEMA PUBLIC
INSERT INTO STATE VALUES(4002,'NJ','New Jersey')
COMMIT
DISCONNECT
/*C8*/SET SCHEMA PUBLIC
DELETE FROM ID_LIST WHERE ID=13
INSERT INTO ID_LIST VALUES(13,'state',4003)
COMMIT
DISCONNECT
/*C9*/SET SCHEMA PUBLIC
INSERT INTO STATE VALUES(4003,'AK','Alasssssska')
COMMIT
DISCONNECT
/*C10*/SET SCHEMA PUBLIC
DISCONNECT
/*C11*/SET SCHEMA PUBLIC
DELETE FROM STATE WHERE ID=4003
INSERT INTO STATE VALUES(4003,'AK','Alaska')
COMMIT
DISCONNECT
/*C12*/SET SCHEMA PUBLIC
DISCONNECT
/*C13*/SET SCHEMA PUBLIC
DELETE FROM ID_LIST WHERE ID=13
INSERT INTO ID_LIST VALUES(13,'state',4004)
COMMIT
DISCONNECT
/*C14*/SET SCHEMA PUBLIC
DISCONNECT
/*C15*/SET SCHEMA PUBLIC
DELETE FROM ID_LIST WHERE ID=13
INSERT INTO ID_LIST VALUES(13,'state',4005)
COMMIT
DISCONNECT
/*C16*/SET SCHEMA PUBLIC
DISCONNECT
/*C17*/SET SCHEMA PUBLIC
DROP TABLE id_list IF EXISTS
 DROP TABLE account_owner IF EXISTS
 DROP INDEX cusomter_last_name_index IF EXISTS
DROP INDEX cusomter_first_name_index IF EXISTS
DROP TABLE customer IF EXISTS
 DROP TABLE account IF EXISTS
 DROP TABLE account_type IF EXISTS
 DROP INDEX address_city_index IF EXISTS
DROP TABLE address IF EXISTS
 DROP TABLE state IF EXISTS
 CREATE TABLE state (     id INTEGER PRIMARY KEY,     code CHAR(2) NOT NULL UNIQUE,     name VARCHAR(30) NOT NULL )
 CREATE TABLE address (     id INTEGER PRIMARY KEY,     street VARCHAR(255),     city VARCHAR(150) NOT NULL,     state_id INTEGER NOT NULL REFERENCES state(id),     zip CHAR(5) NOT NULL )
 CREATE INDEX address_city_index ON address(city)
 CREATE TABLE account_type (     id INTEGER PRIMARY KEY,     code VARCHAR(10) NOT NULL UNIQUE,     name VARCHAR(40) NOT NULL )
 CREATE TABLE account (     id INTEGER PRIMARY KEY,     account_type INTEGER NOT NULL REFERENCES account_type(id),     account_number VARCHAR(30) NOT NULL UNIQUE,     balance NUMERIC(14, 2) NOT NULL )
 CREATE TABLE customer (     id INTEGER PRIMARY KEY,     first_name VARCHAR(50) NOT NULL,     last_name VARCHAR(50) NOT NULL,     mailing_address INTEGER REFERENCES address(id) )
 CREATE INDEX cusomter_first_name_index ON customer(first_name)
CREATE INDEX cusomter_last_name_index ON customer(last_name)
 CREATE TABLE account_owner (     customer_id INTEGER NOT NULL REFERENCES customer(id),     account_id INTEGER NOT NULL REFERENCES account(id),     display_order INTEGER NOT NULL,     PRIMARY KEY (customer_id, account_id),     UNIQUE(account_id, display_order) )
 CREATE TABLE id_list (     id INTEGER PRIMARY KEY,     name VARCHAR(255) NOT NULL UNIQUE,     last_id INTEGER NOT NULL )
INSERT INTO ID_LIST VALUES(1,'id_list',20)
COMMIT
INSERT INTO ID_LIST VALUES(10,'address',7000)
COMMIT
INSERT INTO ID_LIST VALUES(11,'customer',8000)
COMMIT
INSERT INTO ID_LIST VALUES(12,'account',9000)
COMMIT
INSERT INTO ID_LIST VALUES(13,'state',4000)
COMMIT
INSERT INTO ID_LIST VALUES(14,'account_type',2000)
COMMIT
DISCONNECT
/*C18*/SET SCHEMA PUBLIC
DELETE FROM ID_LIST WHERE ID=13
INSERT INTO ID_LIST VALUES(13,'state',4001)
COMMIT
DISCONNECT
/*C19*/SET SCHEMA PUBLIC
INSERT INTO STATE VALUES(4001,'MN','Minnesota')
COMMIT
DISCONNECT
/*C20*/SET SCHEMA PUBLIC
DELETE FROM ID_LIST WHERE ID=13
INSERT INTO ID_LIST VALUES(13,'state',4002)
COMMIT
DISCONNECT
/*C21*/SET SCHEMA PUBLIC
INSERT INTO STATE VALUES(4002,'NJ','New Jersey')
COMMIT
DISCONNECT
/*C22*/SET SCHEMA PUBLIC
DELETE FROM ID_LIST WHERE ID=13
INSERT INTO ID_LIST VALUES(13,'state',4003)
COMMIT
DISCONNECT
/*C23*/SET SCHEMA PUBLIC
INSERT INTO STATE VALUES(4003,'AK','Alasssssska')
COMMIT
DISCONNECT
/*C24*/SET SCHEMA PUBLIC
DISCONNECT
/*C25*/SET SCHEMA PUBLIC
DELETE FROM STATE WHERE ID=4003
INSERT INTO STATE VALUES(4003,'AK','Alaska')
COMMIT
DISCONNECT
/*C26*/SET SCHEMA PUBLIC
DISCONNECT
/*C27*/SET SCHEMA PUBLIC
DELETE FROM ID_LIST WHERE ID=13
INSERT INTO ID_LIST VALUES(13,'state',4004)
COMMIT
DISCONNECT
/*C28*/SET SCHEMA PUBLIC
DISCONNECT
/*C29*/SET SCHEMA PUBLIC
DROP TABLE id_list IF EXISTS
 DROP TABLE account_owner IF EXISTS
 DROP INDEX cusomter_last_name_index IF EXISTS
DROP INDEX cusomter_first_name_index IF EXISTS
DROP TABLE customer IF EXISTS
 DROP TABLE account IF EXISTS
 DROP TABLE account_type IF EXISTS
 DROP INDEX address_city_index IF EXISTS
DROP TABLE address IF EXISTS
 DROP TABLE state IF EXISTS
 CREATE TABLE state (     id INTEGER PRIMARY KEY,     code CHAR(2) NOT NULL UNIQUE,     name VARCHAR(30) NOT NULL )
 CREATE TABLE address (     id INTEGER PRIMARY KEY,     street VARCHAR(255),     city VARCHAR(150) NOT NULL,     state_id INTEGER NOT NULL REFERENCES state(id),     zip CHAR(5) NOT NULL )
 CREATE INDEX address_city_index ON address(city)
 CREATE TABLE account_type (     id INTEGER PRIMARY KEY,     code VARCHAR(10) NOT NULL UNIQUE,     name VARCHAR(40) NOT NULL )
 CREATE TABLE account (     id INTEGER PRIMARY KEY,     account_type INTEGER NOT NULL REFERENCES account_type(id),     account_number VARCHAR(30) NOT NULL UNIQUE,     balance NUMERIC(14, 2) NOT NULL )
 CREATE TABLE customer (     id INTEGER PRIMARY KEY,     first_name VARCHAR(50) NOT NULL,     last_name VARCHAR(50) NOT NULL,     mailing_address INTEGER REFERENCES address(id) )
 CREATE INDEX cusomter_first_name_index ON customer(first_name)
CREATE INDEX cusomter_last_name_index ON customer(last_name)
 CREATE TABLE account_owner (     customer_id INTEGER NOT NULL REFERENCES customer(id),     account_id INTEGER NOT NULL REFERENCES account(id),     display_order INTEGER NOT NULL,     PRIMARY KEY (customer_id, account_id),     UNIQUE(account_id, display_order) )
 CREATE TABLE id_list (     id INTEGER PRIMARY KEY,     name VARCHAR(255) NOT NULL UNIQUE,     last_id INTEGER NOT NULL )
INSERT INTO ID_LIST VALUES(1,'id_list',20)
COMMIT
INSERT INTO ID_LIST VALUES(10,'address',7000)
COMMIT
INSERT INTO ID_LIST VALUES(11,'customer',8000)
COMMIT
INSERT INTO ID_LIST VALUES(12,'account',9000)
COMMIT
INSERT INTO ID_LIST VALUES(13,'state',4000)
COMMIT
INSERT INTO ID_LIST VALUES(14,'account_type',2000)
COMMIT
DISCONNECT
/*C30*/SET SCHEMA PUBLIC
DELETE FROM ID_LIST WHERE ID=13
INSERT INTO ID_LIST VALUES(13,'state',4001)
COMMIT
DISCONNECT
/*C31*/SET SCHEMA PUBLIC
INSERT INTO STATE VALUES(4001,'MN','Minnesota')
COMMIT
DISCONNECT
/*C32*/SET SCHEMA PUBLIC
DELETE FROM ID_LIST WHERE ID=13
INSERT INTO ID_LIST VALUES(13,'state',4002)
COMMIT
DISCONNECT
/*C33*/SET SCHEMA PUBLIC
INSERT INTO STATE VALUES(4002,'NJ','New Jersey')
COMMIT
DISCONNECT
/*C34*/SET SCHEMA PUBLIC
DELETE FROM ID_LIST WHERE ID=13
INSERT INTO ID_LIST VALUES(13,'state',4003)
COMMIT
DISCONNECT
/*C35*/SET SCHEMA PUBLIC
INSERT INTO STATE VALUES(4003,'AK','Alasssssska')
COMMIT
DISCONNECT
/*C36*/SET SCHEMA PUBLIC
DISCONNECT
/*C37*/SET SCHEMA PUBLIC
DELETE FROM STATE WHERE ID=4003
INSERT INTO STATE VALUES(4003,'AK','Alaska')
COMMIT
DISCONNECT
/*C38*/SET SCHEMA PUBLIC
DISCONNECT
/*C39*/SET SCHEMA PUBLIC
DELETE FROM ID_LIST WHERE ID=13
INSERT INTO ID_LIST VALUES(13,'state',4004)
COMMIT
DISCONNECT
/*C40*/SET SCHEMA PUBLIC
DISCONNECT
/*C41*/SET SCHEMA PUBLIC
DELETE FROM ID_LIST WHERE ID=13
INSERT INTO ID_LIST VALUES(13,'state',4005)
COMMIT
DISCONNECT
/*C42*/SET SCHEMA PUBLIC
DISCONNECT
/*C43*/SET SCHEMA PUBLIC
DROP TABLE id_list IF EXISTS
 DROP TABLE account_owner IF EXISTS
 DROP INDEX cusomter_last_name_index IF EXISTS
DROP INDEX cusomter_first_name_index IF EXISTS
DROP TABLE customer IF EXISTS
 DROP TABLE account IF EXISTS
 DROP TABLE account_type IF EXISTS
 DROP INDEX address_city_index IF EXISTS
DROP TABLE address IF EXISTS
 DROP TABLE state IF EXISTS
 CREATE TABLE state (     id INTEGER PRIMARY KEY,     code CHAR(2) NOT NULL UNIQUE,     name VARCHAR(30) NOT NULL )
 CREATE TABLE address (     id INTEGER PRIMARY KEY,     street VARCHAR(255),     city VARCHAR(150) NOT NULL,     state_id INTEGER NOT NULL REFERENCES state(id),     zip CHAR(5) NOT NULL )
 CREATE INDEX address_city_index ON address(city)
 CREATE TABLE account_type (     id INTEGER PRIMARY KEY,     code VARCHAR(10) NOT NULL UNIQUE,     name VARCHAR(40) NOT NULL )
 CREATE TABLE account (     id INTEGER PRIMARY KEY,     account_type INTEGER NOT NULL REFERENCES account_type(id),     account_number VARCHAR(30) NOT NULL UNIQUE,     balance NUMERIC(14, 2) NOT NULL )
 CREATE TABLE customer (     id INTEGER PRIMARY KEY,     first_name VARCHAR(50) NOT NULL,     last_name VARCHAR(50) NOT NULL,     mailing_address INTEGER REFERENCES address(id) )
 CREATE INDEX cusomter_first_name_index ON customer(first_name)
CREATE INDEX cusomter_last_name_index ON customer(last_name)
 CREATE TABLE account_owner (     customer_id INTEGER NOT NULL REFERENCES customer(id),     account_id INTEGER NOT NULL REFERENCES account(id),     display_order INTEGER NOT NULL,     PRIMARY KEY (customer_id, account_id),     UNIQUE(account_id, display_order) )
 CREATE TABLE id_list (     id INTEGER PRIMARY KEY,     name VARCHAR(255) NOT NULL UNIQUE,     last_id INTEGER NOT NULL )
INSERT INTO ID_LIST VALUES(1,'id_list',20)
COMMIT
INSERT INTO ID_LIST VALUES(10,'address',7000)
COMMIT
INSERT INTO ID_LIST VALUES(11,'customer',8000)
COMMIT
INSERT INTO ID_LIST VALUES(12,'account',9000)
COMMIT
INSERT INTO ID_LIST VALUES(13,'state',4000)
COMMIT
INSERT INTO ID_LIST VALUES(14,'account_type',2000)
COMMIT
DISCONNECT
/*C44*/SET SCHEMA PUBLIC
DELETE FROM ID_LIST WHERE ID=13
INSERT INTO ID_LIST VALUES(13,'state',4001)
COMMIT
DISCONNECT
/*C45*/SET SCHEMA PUBLIC
INSERT INTO STATE VALUES(4001,'MN','Minnesota')
COMMIT
DISCONNECT
/*C46*/SET SCHEMA PUBLIC
DELETE FROM ID_LIST WHERE ID=13
INSERT INTO ID_LIST VALUES(13,'state',4002)
COMMIT
DISCONNECT
/*C47*/SET SCHEMA PUBLIC
INSERT INTO STATE VALUES(4002,'NJ','New Jersey')
COMMIT
DISCONNECT
/*C48*/SET SCHEMA PUBLIC
DELETE FROM ID_LIST WHERE ID=13
INSERT INTO ID_LIST VALUES(13,'state',4003)
COMMIT
DISCONNECT
/*C49*/SET SCHEMA PUBLIC
INSERT INTO STATE VALUES(4003,'AK','Alasssssska')
COMMIT
DISCONNECT
/*C50*/SET SCHEMA PUBLIC
DISCONNECT
/*C51*/SET SCHEMA PUBLIC
DELETE FROM STATE WHERE ID=4003
INSERT INTO STATE VALUES(4003,'AK','Alaska')
COMMIT
DISCONNECT
/*C52*/SET SCHEMA PUBLIC
DISCONNECT
