/*C3*/SET SCHEMA PUBLIC
 CREATE TABLE address ( \u0009id INTEGER PRIMARY KEY, \u0009addr1 VARCHAR(30), \u0009addr2 VARCHAR(30), \u0009city VARCHAR(30), \u0009state VARCHAR(2), \u0009zip VARCHAR(5) )
 CREATE TABLE customer ( \u0009id INTEGER PRIMARY KEY, \u0009lname VARCHAR(30), \u0009fname VARCHAR(25), \u0009email VARCHAR(40), \u0009bill_addr INTEGER, \u0009FOREIGN KEY (bill_addr) REFERENCES address(id) )
INSERT INTO ADDRESS VALUES(1001,'54 South 9th St',NULL,'Minneapolis','MN','55402')
COMMIT
INSERT INTO ADDRESS VALUES(1002,'27 West Industrival Blvd',NULL,'Edina','MN','55423')
COMMIT
INSERT INTO ADDRESS VALUES(1003,'123 Main St',NULL,'Plymouth','MN','55442')
COMMIT
INSERT INTO ADDRESS VALUES(1004,'123 Main St',NULL,'Plymouth','MA','01003')
COMMIT
INSERT INTO CUSTOMER VALUES(2001,'Johnson','Jane',NULL,1002)
COMMIT
INSERT INTO CUSTOMER VALUES(2002,'Johnson','John',NULL,1002)
COMMIT
INSERT INTO CUSTOMER VALUES(2003,'Smith','Joe',NULL,1001)
COMMIT
INSERT INTO CUSTOMER VALUES(2004,'Jones','Beth',NULL,1003)
COMMIT
INSERT INTO CUSTOMER VALUES(2005,'Andrews','Erica',NULL,1004)
COMMIT
DISCONNECT
/*C2*/SET SCHEMA PUBLIC
DISCONNECT
/*C5*/SET SCHEMA PUBLIC
DISCONNECT
/*C6*/SET SCHEMA PUBLIC
DISCONNECT
/*C7*/SET SCHEMA PUBLIC
DISCONNECT
/*C8*/SET SCHEMA PUBLIC
DISCONNECT
/*C9*/SET SCHEMA PUBLIC
DISCONNECT
/*C10*/SET SCHEMA PUBLIC
DISCONNECT
/*C11*/SET SCHEMA PUBLIC
DISCONNECT
/*C12*/SET SCHEMA PUBLIC
DISCONNECT
/*C13*/SET SCHEMA PUBLIC
DISCONNECT
/*C14*/SET SCHEMA PUBLIC
DISCONNECT
/*C15*/SET SCHEMA PUBLIC
DISCONNECT
/*C16*/SET SCHEMA PUBLIC
DISCONNECT
/*C17*/SET SCHEMA PUBLIC
DISCONNECT
/*C18*/SET SCHEMA PUBLIC
DISCONNECT
/*C19*/SET SCHEMA PUBLIC
DISCONNECT
/*C20*/SET SCHEMA PUBLIC
DISCONNECT
/*C21*/SET SCHEMA PUBLIC
DISCONNECT
/*C23*/SET SCHEMA PUBLIC
DISCONNECT
/*C22*/SET SCHEMA PUBLIC
DISCONNECT
/*C24*/SET SCHEMA PUBLIC
DISCONNECT
/*C25*/SET SCHEMA PUBLIC
DISCONNECT
/*C26*/SET SCHEMA PUBLIC
DISCONNECT
/*C27*/SET SCHEMA PUBLIC
DISCONNECT
/*C28*/SET SCHEMA PUBLIC
DISCONNECT
/*C29*/SET SCHEMA PUBLIC
DISCONNECT
/*C30*/SET SCHEMA PUBLIC
DISCONNECT
/*C31*/SET SCHEMA PUBLIC
DISCONNECT
/*C32*/SET SCHEMA PUBLIC
DISCONNECT
/*C33*/SET SCHEMA PUBLIC
DISCONNECT
/*C35*/SET SCHEMA PUBLIC
DISCONNECT
/*C36*/SET SCHEMA PUBLIC
DISCONNECT
/*C34*/SET SCHEMA PUBLIC
DISCONNECT
/*C37*/SET SCHEMA PUBLIC
DISCONNECT
/*C38*/SET SCHEMA PUBLIC
DISCONNECT
/*C39*/SET SCHEMA PUBLIC
DISCONNECT
/*C40*/SET SCHEMA PUBLIC
DISCONNECT
/*C41*/SET SCHEMA PUBLIC
DISCONNECT
/*C42*/SET SCHEMA PUBLIC
DISCONNECT
/*C43*/SET SCHEMA PUBLIC
DISCONNECT
/*C44*/SET SCHEMA PUBLIC
DISCONNECT
/*C45*/SET SCHEMA PUBLIC
DISCONNECT
/*C46*/SET SCHEMA PUBLIC
DISCONNECT
/*C47*/SET SCHEMA PUBLIC
DISCONNECT
/*C48*/SET SCHEMA PUBLIC
DISCONNECT
/*C49*/SET SCHEMA PUBLIC
DISCONNECT
/*C50*/SET SCHEMA PUBLIC
DISCONNECT
/*C51*/SET SCHEMA PUBLIC
DISCONNECT
/*C52*/SET SCHEMA PUBLIC
DISCONNECT
/*C53*/SET SCHEMA PUBLIC
DISCONNECT
/*C54*/SET SCHEMA PUBLIC
DISCONNECT
/*C55*/SET SCHEMA PUBLIC
DISCONNECT
/*C56*/SET SCHEMA PUBLIC
DISCONNECT
/*C57*/SET SCHEMA PUBLIC
DISCONNECT
/*C58*/SET SCHEMA PUBLIC
DISCONNECT
/*C59*/SET SCHEMA PUBLIC
DISCONNECT
/*C60*/SET SCHEMA PUBLIC
DISCONNECT
/*C61*/SET SCHEMA PUBLIC
DISCONNECT
/*C62*/SET SCHEMA PUBLIC
DISCONNECT
/*C63*/SET SCHEMA PUBLIC
DISCONNECT
/*C64*/SET SCHEMA PUBLIC
DISCONNECT
/*C65*/SET SCHEMA PUBLIC
DISCONNECT
/*C66*/SET SCHEMA PUBLIC
DISCONNECT
/*C67*/SET SCHEMA PUBLIC
DISCONNECT
/*C68*/SET SCHEMA PUBLIC
DISCONNECT
/*C69*/SET SCHEMA PUBLIC
DISCONNECT
/*C70*/SET SCHEMA PUBLIC
DISCONNECT
/*C71*/SET SCHEMA PUBLIC
DISCONNECT
/*C72*/SET SCHEMA PUBLIC
DISCONNECT
/*C73*/SET SCHEMA PUBLIC
DISCONNECT
/*C74*/SET SCHEMA PUBLIC
DISCONNECT
/*C75*/SET SCHEMA PUBLIC
DISCONNECT
/*C76*/SET SCHEMA PUBLIC
DISCONNECT
/*C77*/SET SCHEMA PUBLIC
DISCONNECT
/*C78*/SET SCHEMA PUBLIC
DISCONNECT
/*C79*/SET SCHEMA PUBLIC
DISCONNECT
/*C80*/SET SCHEMA PUBLIC
DISCONNECT
/*C81*/SET SCHEMA PUBLIC
DISCONNECT
/*C82*/SET SCHEMA PUBLIC
DISCONNECT
/*C83*/SET SCHEMA PUBLIC
DISCONNECT
/*C84*/SET SCHEMA PUBLIC
DISCONNECT
/*C85*/SET SCHEMA PUBLIC
DISCONNECT
/*C86*/SET SCHEMA PUBLIC
DISCONNECT
/*C87*/SET SCHEMA PUBLIC
DISCONNECT
/*C88*/SET SCHEMA PUBLIC
DISCONNECT
/*C89*/SET SCHEMA PUBLIC
DISCONNECT
/*C90*/SET SCHEMA PUBLIC
DISCONNECT
/*C91*/SET SCHEMA PUBLIC
DISCONNECT
/*C92*/SET SCHEMA PUBLIC
DISCONNECT
/*C93*/SET SCHEMA PUBLIC
DISCONNECT
/*C94*/SET SCHEMA PUBLIC
DISCONNECT
/*C95*/SET SCHEMA PUBLIC
DISCONNECT
/*C96*/SET SCHEMA PUBLIC
DELETE FROM CUSTOMER WHERE ID=2005
INSERT INTO CUSTOMER VALUES(2005,'Andrews','Erica','someone@somewhere.com',1004)
COMMIT
DISCONNECT
/*C97*/SET SCHEMA PUBLIC
DISCONNECT
/*C98*/SET SCHEMA PUBLIC
DELETE FROM CUSTOMER WHERE ID=2005
INSERT INTO CUSTOMER VALUES(2005,'Andrews','Erica','someone@somewhere.com',1004)
COMMIT
DISCONNECT
/*C99*/SET SCHEMA PUBLIC
DROP TABLE customer
DROP TABLE address
 CREATE TABLE address ( \u0009id INTEGER PRIMARY KEY, \u0009addr1 VARCHAR(30), \u0009addr2 VARCHAR(30), \u0009city VARCHAR(30), \u0009state VARCHAR(2), \u0009zip VARCHAR(5) )
 CREATE TABLE customer ( \u0009id INTEGER PRIMARY KEY, \u0009lname VARCHAR(30), \u0009fname VARCHAR(25), \u0009email VARCHAR(40), \u0009bill_addr INTEGER, \u0009FOREIGN KEY (bill_addr) REFERENCES address(id) )
INSERT INTO ADDRESS VALUES(1001,'54 South 9th St',NULL,'Minneapolis','MN','55402')
COMMIT
INSERT INTO ADDRESS VALUES(1002,'27 West Industrival Blvd',NULL,'Edina','MN','55423')
COMMIT
INSERT INTO ADDRESS VALUES(1003,'123 Main St',NULL,'Plymouth','MN','55442')
COMMIT
INSERT INTO ADDRESS VALUES(1004,'123 Main St',NULL,'Plymouth','MA','01003')
COMMIT
INSERT INTO CUSTOMER VALUES(2001,'Johnson','Jane',NULL,1002)
COMMIT
INSERT INTO CUSTOMER VALUES(2002,'Johnson','John',NULL,1002)
COMMIT
INSERT INTO CUSTOMER VALUES(2003,'Smith','Joe',NULL,1001)
COMMIT
INSERT INTO CUSTOMER VALUES(2004,'Jones','Beth',NULL,1003)
COMMIT
INSERT INTO CUSTOMER VALUES(2005,'Andrews','Erica',NULL,1004)
COMMIT
DISCONNECT
/*C100*/SET SCHEMA PUBLIC
DISCONNECT
/*C101*/SET SCHEMA PUBLIC
DELETE FROM CUSTOMER WHERE ID=2005
INSERT INTO CUSTOMER VALUES(2005,'Andrews','Erica','someone@somewhere.com',1004)
COMMIT
DISCONNECT
/*C102*/SET SCHEMA PUBLIC
DISCONNECT
/*C103*/SET SCHEMA PUBLIC
DELETE FROM CUSTOMER WHERE ID=2005
INSERT INTO CUSTOMER VALUES(2005,'Andrews','Erica','someone@somewhere.com',1004)
COMMIT
DISCONNECT
/*C104*/SET SCHEMA PUBLIC
DROP TABLE customer
DROP TABLE address
 CREATE TABLE address ( \u0009id INTEGER PRIMARY KEY, \u0009addr1 VARCHAR(30), \u0009addr2 VARCHAR(30), \u0009city VARCHAR(30), \u0009state VARCHAR(2), \u0009zip VARCHAR(5) )
 CREATE TABLE customer ( \u0009id INTEGER PRIMARY KEY, \u0009lname VARCHAR(30), \u0009fname VARCHAR(25), \u0009email VARCHAR(40), \u0009bill_addr INTEGER, \u0009FOREIGN KEY (bill_addr) REFERENCES address(id) )
INSERT INTO ADDRESS VALUES(1001,'54 South 9th St',NULL,'Minneapolis','MN','55402')
COMMIT
INSERT INTO ADDRESS VALUES(1002,'27 West Industrival Blvd',NULL,'Edina','MN','55423')
COMMIT
INSERT INTO ADDRESS VALUES(1003,'123 Main St',NULL,'Plymouth','MN','55442')
COMMIT
INSERT INTO ADDRESS VALUES(1004,'123 Main St',NULL,'Plymouth','MA','01003')
COMMIT
INSERT INTO CUSTOMER VALUES(2001,'Johnson','Jane',NULL,1002)
COMMIT
INSERT INTO CUSTOMER VALUES(2002,'Johnson','John',NULL,1002)
COMMIT
INSERT INTO CUSTOMER VALUES(2003,'Smith','Joe',NULL,1001)
COMMIT
INSERT INTO CUSTOMER VALUES(2004,'Jones','Beth',NULL,1003)
COMMIT
INSERT INTO CUSTOMER VALUES(2005,'Andrews','Erica',NULL,1004)
COMMIT
DISCONNECT
/*C105*/SET SCHEMA PUBLIC
DISCONNECT
/*C106*/SET SCHEMA PUBLIC
DELETE FROM CUSTOMER WHERE ID=2005
INSERT INTO CUSTOMER VALUES(2005,'Andrews','Erica','someone@somewhere.com',1004)
COMMIT
DISCONNECT
/*C107*/SET SCHEMA PUBLIC
DISCONNECT
/*C108*/SET SCHEMA PUBLIC
DISCONNECT
/*C109*/SET SCHEMA PUBLIC
DISCONNECT
/*C110*/SET SCHEMA PUBLIC
DISCONNECT
/*C111*/SET SCHEMA PUBLIC
DISCONNECT
/*C112*/SET SCHEMA PUBLIC
DISCONNECT
/*C113*/SET SCHEMA PUBLIC
DELETE FROM CUSTOMER WHERE ID=2005
INSERT INTO CUSTOMER VALUES(2005,'Andrews','Erica','someone@somewhere.com',1004)
COMMIT
DISCONNECT
/*C114*/SET SCHEMA PUBLIC
DISCONNECT
/*C115*/SET SCHEMA PUBLIC
DISCONNECT
/*C116*/SET SCHEMA PUBLIC
DISCONNECT
/*C117*/SET SCHEMA PUBLIC
DROP TABLE customer
DROP TABLE address
 CREATE TABLE address ( \u0009id INTEGER PRIMARY KEY, \u0009addr1 VARCHAR(30), \u0009addr2 VARCHAR(30), \u0009city VARCHAR(30), \u0009state VARCHAR(2), \u0009zip VARCHAR(5) )
 CREATE TABLE customer ( \u0009id INTEGER PRIMARY KEY, \u0009lname VARCHAR(30), \u0009fname VARCHAR(25), \u0009email VARCHAR(40), \u0009bill_addr INTEGER, \u0009FOREIGN KEY (bill_addr) REFERENCES address(id) )
INSERT INTO ADDRESS VALUES(1001,'54 South 9th St',NULL,'Minneapolis','MN','55402')
COMMIT
INSERT INTO ADDRESS VALUES(1002,'27 West Industrival Blvd',NULL,'Edina','MN','55423')
COMMIT
INSERT INTO ADDRESS VALUES(1003,'123 Main St',NULL,'Plymouth','MN','55442')
COMMIT
INSERT INTO ADDRESS VALUES(1004,'123 Main St',NULL,'Plymouth','MA','01003')
COMMIT
INSERT INTO CUSTOMER VALUES(2001,'Johnson','Jane',NULL,1002)
COMMIT
INSERT INTO CUSTOMER VALUES(2002,'Johnson','John',NULL,1002)
COMMIT
INSERT INTO CUSTOMER VALUES(2003,'Smith','Joe',NULL,1001)
COMMIT
INSERT INTO CUSTOMER VALUES(2004,'Jones','Beth',NULL,1003)
COMMIT
INSERT INTO CUSTOMER VALUES(2005,'Andrews','Erica',NULL,1004)
COMMIT
DISCONNECT
/*C118*/SET SCHEMA PUBLIC
DISCONNECT
/*C119*/SET SCHEMA PUBLIC
DISCONNECT
/*C120*/SET SCHEMA PUBLIC
DISCONNECT
/*C121*/SET SCHEMA PUBLIC
DISCONNECT
/*C122*/SET SCHEMA PUBLIC
DISCONNECT
/*C123*/SET SCHEMA PUBLIC
DISCONNECT
/*C124*/SET SCHEMA PUBLIC
DISCONNECT
/*C125*/SET SCHEMA PUBLIC
DELETE FROM CUSTOMER WHERE ID=2005
INSERT INTO CUSTOMER VALUES(2005,NULL,NULL,'someone@somewhere.com',1004)
COMMIT
DISCONNECT
/*C126*/SET SCHEMA PUBLIC
DISCONNECT
/*C127*/SET SCHEMA PUBLIC
DELETE FROM CUSTOMER WHERE ID=2005
INSERT INTO CUSTOMER VALUES(2005,NULL,NULL,'someone@somewhere.com',1004)
COMMIT
DISCONNECT
/*C128*/SET SCHEMA PUBLIC
DROP TABLE customer
DROP TABLE address
 CREATE TABLE address ( \u0009id INTEGER PRIMARY KEY, \u0009addr1 VARCHAR(30), \u0009addr2 VARCHAR(30), \u0009city VARCHAR(30), \u0009state VARCHAR(2), \u0009zip VARCHAR(5) )
 CREATE TABLE customer ( \u0009id INTEGER PRIMARY KEY, \u0009lname VARCHAR(30), \u0009fname VARCHAR(25), \u0009email VARCHAR(40), \u0009bill_addr INTEGER, \u0009FOREIGN KEY (bill_addr) REFERENCES address(id) )
INSERT INTO ADDRESS VALUES(1001,'54 South 9th St',NULL,'Minneapolis','MN','55402')
COMMIT
INSERT INTO ADDRESS VALUES(1002,'27 West Industrival Blvd',NULL,'Edina','MN','55423')
COMMIT
INSERT INTO ADDRESS VALUES(1003,'123 Main St',NULL,'Plymouth','MN','55442')
COMMIT
INSERT INTO ADDRESS VALUES(1004,'123 Main St',NULL,'Plymouth','MA','01003')
COMMIT
INSERT INTO CUSTOMER VALUES(2001,'Johnson','Jane',NULL,1002)
COMMIT
INSERT INTO CUSTOMER VALUES(2002,'Johnson','John',NULL,1002)
COMMIT
INSERT INTO CUSTOMER VALUES(2003,'Smith','Joe',NULL,1001)
COMMIT
INSERT INTO CUSTOMER VALUES(2004,'Jones','Beth',NULL,1003)
COMMIT
INSERT INTO CUSTOMER VALUES(2005,'Andrews','Erica',NULL,1004)
COMMIT
DISCONNECT
/*C129*/SET SCHEMA PUBLIC
DISCONNECT
/*C130*/SET SCHEMA PUBLIC
DELETE FROM CUSTOMER WHERE ID=2005
INSERT INTO CUSTOMER VALUES(2005,'Andrews','Erica','someone@somewhere.com',1004)
COMMIT
DISCONNECT
/*C4*/SET SCHEMA PUBLIC
DISCONNECT
/*C131*/SET SCHEMA PUBLIC
DISCONNECT
/*C132*/SET SCHEMA PUBLIC
DELETE FROM CUSTOMER WHERE ID=2005
INSERT INTO CUSTOMER VALUES(2005,'Andrews','Erica','someone@somewhere.com',1004)
COMMIT
DISCONNECT
/*C133*/SET SCHEMA PUBLIC
DROP TABLE customer
DROP TABLE address
 CREATE TABLE address ( \u0009id INTEGER PRIMARY KEY, \u0009addr1 VARCHAR(30), \u0009addr2 VARCHAR(30), \u0009city VARCHAR(30), \u0009state VARCHAR(2), \u0009zip VARCHAR(5) )
 CREATE TABLE customer ( \u0009id INTEGER PRIMARY KEY, \u0009lname VARCHAR(30), \u0009fname VARCHAR(25), \u0009email VARCHAR(40), \u0009bill_addr INTEGER, \u0009FOREIGN KEY (bill_addr) REFERENCES address(id) )
INSERT INTO ADDRESS VALUES(1001,'54 South 9th St',NULL,'Minneapolis','MN','55402')
COMMIT
INSERT INTO ADDRESS VALUES(1002,'27 West Industrival Blvd',NULL,'Edina','MN','55423')
COMMIT
INSERT INTO ADDRESS VALUES(1003,'123 Main St',NULL,'Plymouth','MN','55442')
COMMIT
INSERT INTO ADDRESS VALUES(1004,'123 Main St',NULL,'Plymouth','MA','01003')
COMMIT
INSERT INTO CUSTOMER VALUES(2001,'Johnson','Jane',NULL,1002)
COMMIT
INSERT INTO CUSTOMER VALUES(2002,'Johnson','John',NULL,1002)
COMMIT
INSERT INTO CUSTOMER VALUES(2003,'Smith','Joe',NULL,1001)
COMMIT
INSERT INTO CUSTOMER VALUES(2004,'Jones','Beth',NULL,1003)
COMMIT
INSERT INTO CUSTOMER VALUES(2005,'Andrews','Erica',NULL,1004)
COMMIT
DISCONNECT
/*C134*/SET SCHEMA PUBLIC
DISCONNECT
/*C135*/SET SCHEMA PUBLIC
DELETE FROM CUSTOMER WHERE ID=2005
INSERT INTO CUSTOMER VALUES(2005,'Andrews','Erica','someone@somewhere.com',1004)
COMMIT
DISCONNECT
