/*C2*/SET SCHEMA PUBLIC
 CREATE TABLE address ( \u0009id INTEGER PRIMARY KEY, \u0009addr1 VARCHAR(30), \u0009addr2 VARCHAR(30), \u0009city VARCHAR(30), \u0009state VARCHAR(2), \u0009zip VARCHAR(5) )
 CREATE TABLE customer ( \u0009id INTEGER PRIMARY KEY, \u0009lname VARCHAR(30), \u0009fname VARCHAR(25), \u0009email VARCHAR(40), \u0009bill_addr INTEGER, \u0009FOREIGN KEY (bill_addr) REFERENCES address(id) )
 CREATE TABLE id_list (     id INTEGER PRIMARY KEY,     name VARCHAR(255) NOT NULL,     last_id INTEGER NOT NULL,     UNIQUE (name) )
INSERT INTO ADDRESS VALUES(1001,'54 South 9th St',NULL,'Minneapolis','MN','55402')
COMMIT
INSERT INTO ADDRESS VALUES(1002,'27 West Industrival Blvd',NULL,'Edina','MN','55423')
COMMIT
INSERT INTO ADDRESS VALUES(1003,'123 Main St',NULL,'Plymouth','MN','55442')
COMMIT
INSERT INTO ADDRESS VALUES(1004,'123 Main St',NULL,'Plymouth','MA','01003')
COMMIT
INSERT INTO CUSTOMER VALUES(2001,'Johnson','Jane',NULL,1002)
COMMIT
INSERT INTO CUSTOMER VALUES(2002,'Johnson','John',NULL,1002)
COMMIT
INSERT INTO CUSTOMER VALUES(2003,'Smith','Joe',NULL,1001)
COMMIT
INSERT INTO CUSTOMER VALUES(2004,'Jones','Beth',NULL,1003)
COMMIT
INSERT INTO CUSTOMER VALUES(2005,'Andrews','Erica',NULL,1004)
COMMIT
INSERT INTO ID_LIST VALUES(1,'id_list',20)
COMMIT
INSERT INTO ID_LIST VALUES(10,'address',7000)
COMMIT
INSERT INTO ID_LIST VALUES(11,'customer',8000)
COMMIT
DISCONNECT
/*C3*/SET SCHEMA PUBLIC
DISCONNECT
/*C4*/SET SCHEMA PUBLIC
DELETE FROM CUSTOMER WHERE ID=2005
INSERT INTO CUSTOMER VALUES(2005,'Andrews','Erica','someone@somewhere.com',1004)
COMMIT
DISCONNECT
/*C5*/SET SCHEMA PUBLIC
DISCONNECT
/*C6*/SET SCHEMA PUBLIC
DISCONNECT
/*C7*/SET SCHEMA PUBLIC
DELETE FROM CUSTOMER WHERE ID=2005
INSERT INTO CUSTOMER VALUES(2005,'Andrews','Erica','someone@somewhere.com',1004)
COMMIT
DISCONNECT
/*C8*/SET SCHEMA PUBLIC
DISCONNECT
/*C9*/SET SCHEMA PUBLIC
DROP TABLE id_list
DROP TABLE customer
DROP TABLE address
 CREATE TABLE address ( \u0009id INTEGER PRIMARY KEY, \u0009addr1 VARCHAR(30), \u0009addr2 VARCHAR(30), \u0009city VARCHAR(30), \u0009state VARCHAR(2), \u0009zip VARCHAR(5) )
 CREATE TABLE customer ( \u0009id INTEGER PRIMARY KEY, \u0009lname VARCHAR(30), \u0009fname VARCHAR(25), \u0009email VARCHAR(40), \u0009bill_addr INTEGER, \u0009FOREIGN KEY (bill_addr) REFERENCES address(id) )
 CREATE TABLE id_list (     id INTEGER PRIMARY KEY,     name VARCHAR(255) NOT NULL,     last_id INTEGER NOT NULL,     UNIQUE (name) )
INSERT INTO ADDRESS VALUES(1001,'54 South 9th St',NULL,'Minneapolis','MN','55402')
COMMIT
INSERT INTO ADDRESS VALUES(1002,'27 West Industrival Blvd',NULL,'Edina','MN','55423')
COMMIT
INSERT INTO ADDRESS VALUES(1003,'123 Main St',NULL,'Plymouth','MN','55442')
COMMIT
INSERT INTO ADDRESS VALUES(1004,'123 Main St',NULL,'Plymouth','MA','01003')
COMMIT
INSERT INTO CUSTOMER VALUES(2001,'Johnson','Jane',NULL,1002)
COMMIT
INSERT INTO CUSTOMER VALUES(2002,'Johnson','John',NULL,1002)
COMMIT
INSERT INTO CUSTOMER VALUES(2003,'Smith','Joe',NULL,1001)
COMMIT
INSERT INTO CUSTOMER VALUES(2004,'Jones','Beth',NULL,1003)
COMMIT
INSERT INTO CUSTOMER VALUES(2005,'Andrews','Erica',NULL,1004)
COMMIT
INSERT INTO ID_LIST VALUES(1,'id_list',20)
COMMIT
INSERT INTO ID_LIST VALUES(10,'address',7000)
COMMIT
INSERT INTO ID_LIST VALUES(11,'customer',8000)
COMMIT
DISCONNECT
/*C10*/SET SCHEMA PUBLIC
DISCONNECT
/*C12*/SET SCHEMA PUBLIC
DISCONNECT
/*C11*/SET SCHEMA PUBLIC
DISCONNECT
/*C13*/SET SCHEMA PUBLIC
DISCONNECT
/*C14*/SET SCHEMA PUBLIC
DISCONNECT
/*C15*/SET SCHEMA PUBLIC
DELETE FROM CUSTOMER WHERE ID=2005
INSERT INTO CUSTOMER VALUES(2005,'Andrews','Erica','someone@somewhere.com',1004)
COMMIT
DISCONNECT
/*C16*/SET SCHEMA PUBLIC
DISCONNECT
/*C17*/SET SCHEMA PUBLIC
DISCONNECT
/*C18*/SET SCHEMA PUBLIC
DELETE FROM CUSTOMER WHERE ID=2005
INSERT INTO CUSTOMER VALUES(2005,'Andrews','Erica','someone@somewhere.com',1004)
COMMIT
DISCONNECT
/*C19*/SET SCHEMA PUBLIC
DISCONNECT
/*C20*/SET SCHEMA PUBLIC
DISCONNECT
/*C21*/SET SCHEMA PUBLIC
DELETE FROM CUSTOMER WHERE ID=2005
INSERT INTO CUSTOMER VALUES(2005,'Andrews','Erica','someone@somewhere.com',1004)
COMMIT
DISCONNECT
/*C23*/SET SCHEMA PUBLIC
DISCONNECT
/*C24*/SET SCHEMA PUBLIC
DELETE FROM CUSTOMER WHERE ID=2005
INSERT INTO CUSTOMER VALUES(2005,'Andrews','Erica','someone@somewhere.com',1004)
COMMIT
DISCONNECT
/*C22*/SET SCHEMA PUBLIC
DISCONNECT
/*C25*/SET SCHEMA PUBLIC
DISCONNECT
/*C26*/SET SCHEMA PUBLIC
DELETE FROM CUSTOMER WHERE ID=2005
INSERT INTO CUSTOMER VALUES(2005,'Andrews','Erica','someone@somewhere.com',1004)
COMMIT
DISCONNECT
/*C27*/SET SCHEMA PUBLIC
DISCONNECT
/*C28*/SET SCHEMA PUBLIC
DISCONNECT
/*C29*/SET SCHEMA PUBLIC
DELETE FROM CUSTOMER WHERE ID=2005
INSERT INTO CUSTOMER VALUES(2005,'Andrews','Erica','someone@somewhere.com',1004)
COMMIT
DISCONNECT
/*C30*/SET SCHEMA PUBLIC
DISCONNECT
/*C31*/SET SCHEMA PUBLIC
DISCONNECT
/*C32*/SET SCHEMA PUBLIC
DELETE FROM CUSTOMER WHERE ID=2005
INSERT INTO CUSTOMER VALUES(2005,'Andrews','Erica','someone@somewhere.com',1004)
COMMIT
DISCONNECT
/*C33*/SET SCHEMA PUBLIC
DISCONNECT
/*C34*/SET SCHEMA PUBLIC
DROP TABLE id_list
DROP TABLE customer
DROP TABLE address
 CREATE TABLE address ( \u0009id INTEGER PRIMARY KEY, \u0009addr1 VARCHAR(30), \u0009addr2 VARCHAR(30), \u0009city VARCHAR(30), \u0009state VARCHAR(2), \u0009zip VARCHAR(5) )
 CREATE TABLE customer ( \u0009id INTEGER PRIMARY KEY, \u0009lname VARCHAR(30), \u0009fname VARCHAR(25), \u0009email VARCHAR(40), \u0009bill_addr INTEGER, \u0009FOREIGN KEY (bill_addr) REFERENCES address(id) )
 CREATE TABLE id_list (     id INTEGER PRIMARY KEY,     name VARCHAR(255) NOT NULL,     last_id INTEGER NOT NULL,     UNIQUE (name) )
INSERT INTO ADDRESS VALUES(1001,'54 South 9th St',NULL,'Minneapolis','MN','55402')
COMMIT
INSERT INTO ADDRESS VALUES(1002,'27 West Industrival Blvd',NULL,'Edina','MN','55423')
COMMIT
INSERT INTO ADDRESS VALUES(1003,'123 Main St',NULL,'Plymouth','MN','55442')
COMMIT
INSERT INTO ADDRESS VALUES(1004,'123 Main St',NULL,'Plymouth','MA','01003')
COMMIT
INSERT INTO CUSTOMER VALUES(2001,'Johnson','Jane',NULL,1002)
COMMIT
INSERT INTO CUSTOMER VALUES(2002,'Johnson','John',NULL,1002)
COMMIT
INSERT INTO CUSTOMER VALUES(2003,'Smith','Joe',NULL,1001)
COMMIT
INSERT INTO CUSTOMER VALUES(2004,'Jones','Beth',NULL,1003)
COMMIT
INSERT INTO CUSTOMER VALUES(2005,'Andrews','Erica',NULL,1004)
COMMIT
INSERT INTO ID_LIST VALUES(1,'id_list',20)
COMMIT
INSERT INTO ID_LIST VALUES(10,'address',7000)
COMMIT
INSERT INTO ID_LIST VALUES(11,'customer',8000)
COMMIT
DISCONNECT
/*C35*/SET SCHEMA PUBLIC
DISCONNECT
/*C36*/SET SCHEMA PUBLIC
DELETE FROM CUSTOMER WHERE ID=2005
INSERT INTO CUSTOMER VALUES(2005,'Andrews','Erica','someone@somewhere.com',1004)
COMMIT
DISCONNECT
/*C37*/SET SCHEMA PUBLIC
DISCONNECT
/*C38*/SET SCHEMA PUBLIC
DROP TABLE id_list
DROP TABLE customer
DROP TABLE address
 CREATE TABLE address ( \u0009id INTEGER PRIMARY KEY, \u0009addr1 VARCHAR(30), \u0009addr2 VARCHAR(30), \u0009city VARCHAR(30), \u0009state VARCHAR(2), \u0009zip VARCHAR(5) )
 CREATE TABLE customer ( \u0009id INTEGER PRIMARY KEY, \u0009lname VARCHAR(30), \u0009fname VARCHAR(25), \u0009email VARCHAR(40), \u0009bill_addr INTEGER, \u0009FOREIGN KEY (bill_addr) REFERENCES address(id) )
 CREATE TABLE id_list (     id INTEGER PRIMARY KEY,     name VARCHAR(255) NOT NULL,     last_id INTEGER NOT NULL,     UNIQUE (name) )
INSERT INTO ADDRESS VALUES(1001,'54 South 9th St',NULL,'Minneapolis','MN','55402')
COMMIT
INSERT INTO ADDRESS VALUES(1002,'27 West Industrival Blvd',NULL,'Edina','MN','55423')
COMMIT
INSERT INTO ADDRESS VALUES(1003,'123 Main St',NULL,'Plymouth','MN','55442')
COMMIT
INSERT INTO ADDRESS VALUES(1004,'123 Main St',NULL,'Plymouth','MA','01003')
COMMIT
INSERT INTO CUSTOMER VALUES(2001,'Johnson','Jane',NULL,1002)
COMMIT
INSERT INTO CUSTOMER VALUES(2002,'Johnson','John',NULL,1002)
COMMIT
INSERT INTO CUSTOMER VALUES(2003,'Smith','Joe',NULL,1001)
COMMIT
INSERT INTO CUSTOMER VALUES(2004,'Jones','Beth',NULL,1003)
COMMIT
INSERT INTO CUSTOMER VALUES(2005,'Andrews','Erica',NULL,1004)
COMMIT
INSERT INTO ID_LIST VALUES(1,'id_list',20)
COMMIT
INSERT INTO ID_LIST VALUES(10,'address',7000)
COMMIT
INSERT INTO ID_LIST VALUES(11,'customer',8000)
COMMIT
DISCONNECT
/*C39*/SET SCHEMA PUBLIC
DISCONNECT
/*C40*/SET SCHEMA PUBLIC
DELETE FROM CUSTOMER WHERE ID=2005
INSERT INTO CUSTOMER VALUES(2005,'Andrews','Erica','someone@somewhere.com',1004)
COMMIT
DISCONNECT
/*C41*/SET SCHEMA PUBLIC
DISCONNECT
/*C42*/SET SCHEMA PUBLIC
DROP TABLE id_list
DROP TABLE customer
DROP TABLE address
 CREATE TABLE address ( \u0009id INTEGER PRIMARY KEY, \u0009addr1 VARCHAR(30), \u0009addr2 VARCHAR(30), \u0009city VARCHAR(30), \u0009state VARCHAR(2), \u0009zip VARCHAR(5) )
 CREATE TABLE customer ( \u0009id INTEGER PRIMARY KEY, \u0009lname VARCHAR(30), \u0009fname VARCHAR(25), \u0009email VARCHAR(40), \u0009bill_addr INTEGER, \u0009FOREIGN KEY (bill_addr) REFERENCES address(id) )
 CREATE TABLE id_list (     id INTEGER PRIMARY KEY,     name VARCHAR(255) NOT NULL,     last_id INTEGER NOT NULL,     UNIQUE (name) )
INSERT INTO ADDRESS VALUES(1001,'54 South 9th St',NULL,'Minneapolis','MN','55402')
COMMIT
INSERT INTO ADDRESS VALUES(1002,'27 West Industrival Blvd',NULL,'Edina','MN','55423')
COMMIT
INSERT INTO ADDRESS VALUES(1003,'123 Main St',NULL,'Plymouth','MN','55442')
COMMIT
INSERT INTO ADDRESS VALUES(1004,'123 Main St',NULL,'Plymouth','MA','01003')
COMMIT
INSERT INTO CUSTOMER VALUES(2001,'Johnson','Jane',NULL,1002)
COMMIT
INSERT INTO CUSTOMER VALUES(2002,'Johnson','John',NULL,1002)
COMMIT
INSERT INTO CUSTOMER VALUES(2003,'Smith','Joe',NULL,1001)
COMMIT
INSERT INTO CUSTOMER VALUES(2004,'Jones','Beth',NULL,1003)
COMMIT
INSERT INTO CUSTOMER VALUES(2005,'Andrews','Erica',NULL,1004)
COMMIT
INSERT INTO ID_LIST VALUES(1,'id_list',20)
COMMIT
INSERT INTO ID_LIST VALUES(10,'address',7000)
COMMIT
INSERT INTO ID_LIST VALUES(11,'customer',8000)
COMMIT
DISCONNECT
/*C43*/SET SCHEMA PUBLIC
DISCONNECT
/*C44*/SET SCHEMA PUBLIC
DELETE FROM CUSTOMER WHERE ID=2005
INSERT INTO CUSTOMER VALUES(2005,'Andrews','Erica','someone@somewhere.com',1004)
COMMIT
DISCONNECT
/*C45*/SET SCHEMA PUBLIC
DISCONNECT
/*C46*/SET SCHEMA PUBLIC
DISCONNECT
/*C47*/SET SCHEMA PUBLIC
DELETE FROM CUSTOMER WHERE ID=2005
INSERT INTO CUSTOMER VALUES(2005,'Andrews','Erica','someone@somewhere.com',1004)
COMMIT
DISCONNECT
/*C48*/SET SCHEMA PUBLIC
DISCONNECT
/*C49*/SET SCHEMA PUBLIC
DROP TABLE id_list
DROP TABLE customer
DROP TABLE address
 CREATE TABLE address ( \u0009id INTEGER PRIMARY KEY, \u0009addr1 VARCHAR(30), \u0009addr2 VARCHAR(30), \u0009city VARCHAR(30), \u0009state VARCHAR(2), \u0009zip VARCHAR(5) )
 CREATE TABLE customer ( \u0009id INTEGER PRIMARY KEY, \u0009lname VARCHAR(30), \u0009fname VARCHAR(25), \u0009email VARCHAR(40), \u0009bill_addr INTEGER, \u0009FOREIGN KEY (bill_addr) REFERENCES address(id) )
 CREATE TABLE id_list (     id INTEGER PRIMARY KEY,     name VARCHAR(255) NOT NULL,     last_id INTEGER NOT NULL,     UNIQUE (name) )
INSERT INTO ADDRESS VALUES(1001,'54 South 9th St',NULL,'Minneapolis','MN','55402')
COMMIT
INSERT INTO ADDRESS VALUES(1002,'27 West Industrival Blvd',NULL,'Edina','MN','55423')
COMMIT
INSERT INTO ADDRESS VALUES(1003,'123 Main St',NULL,'Plymouth','MN','55442')
COMMIT
INSERT INTO ADDRESS VALUES(1004,'123 Main St',NULL,'Plymouth','MA','01003')
COMMIT
INSERT INTO CUSTOMER VALUES(2001,'Johnson','Jane',NULL,1002)
COMMIT
INSERT INTO CUSTOMER VALUES(2002,'Johnson','John',NULL,1002)
COMMIT
INSERT INTO CUSTOMER VALUES(2003,'Smith','Joe',NULL,1001)
COMMIT
INSERT INTO CUSTOMER VALUES(2004,'Jones','Beth',NULL,1003)
COMMIT
INSERT INTO CUSTOMER VALUES(2005,'Andrews','Erica',NULL,1004)
COMMIT
INSERT INTO ID_LIST VALUES(1,'id_list',20)
COMMIT
INSERT INTO ID_LIST VALUES(10,'address',7000)
COMMIT
INSERT INTO ID_LIST VALUES(11,'customer',8000)
COMMIT
DISCONNECT
/*C50*/SET SCHEMA PUBLIC
DISCONNECT
/*C51*/SET SCHEMA PUBLIC
DELETE FROM CUSTOMER WHERE ID=2005
INSERT INTO CUSTOMER VALUES(2005,'Andrews','Erica','someone@somewhere.com',1004)
COMMIT
DISCONNECT
/*C52*/SET SCHEMA PUBLIC
DISCONNECT
/*C54*/SET SCHEMA PUBLIC
DROP TABLE id_list
DROP TABLE customer
DROP TABLE address
 CREATE TABLE address ( \u0009id INTEGER PRIMARY KEY, \u0009addr1 VARCHAR(30), \u0009addr2 VARCHAR(30), \u0009city VARCHAR(30), \u0009state VARCHAR(2), \u0009zip VARCHAR(5) )
 CREATE TABLE customer ( \u0009id INTEGER PRIMARY KEY, \u0009lname VARCHAR(30), \u0009fname VARCHAR(25), \u0009email VARCHAR(40), \u0009bill_addr INTEGER, \u0009FOREIGN KEY (bill_addr) REFERENCES address(id) )
 CREATE TABLE id_list (     id INTEGER PRIMARY KEY,     name VARCHAR(255) NOT NULL,     last_id INTEGER NOT NULL,     UNIQUE (name) )
INSERT INTO ADDRESS VALUES(1001,'54 South 9th St',NULL,'Minneapolis','MN','55402')
COMMIT
INSERT INTO ADDRESS VALUES(1002,'27 West Industrival Blvd',NULL,'Edina','MN','55423')
COMMIT
INSERT INTO ADDRESS VALUES(1003,'123 Main St',NULL,'Plymouth','MN','55442')
COMMIT
INSERT INTO ADDRESS VALUES(1004,'123 Main St',NULL,'Plymouth','MA','01003')
COMMIT
INSERT INTO CUSTOMER VALUES(2001,'Johnson','Jane',NULL,1002)
COMMIT
INSERT INTO CUSTOMER VALUES(2002,'Johnson','John',NULL,1002)
COMMIT
INSERT INTO CUSTOMER VALUES(2003,'Smith','Joe',NULL,1001)
COMMIT
INSERT INTO CUSTOMER VALUES(2004,'Jones','Beth',NULL,1003)
COMMIT
INSERT INTO CUSTOMER VALUES(2005,'Andrews','Erica',NULL,1004)
COMMIT
INSERT INTO ID_LIST VALUES(1,'id_list',20)
COMMIT
INSERT INTO ID_LIST VALUES(10,'address',7000)
COMMIT
INSERT INTO ID_LIST VALUES(11,'customer',8000)
COMMIT
DISCONNECT
/*C55*/SET SCHEMA PUBLIC
DISCONNECT
/*C56*/SET SCHEMA PUBLIC
DELETE FROM CUSTOMER WHERE ID=2005
INSERT INTO CUSTOMER VALUES(2005,'Andrews','Erica','someone@somewhere.com',1004)
COMMIT
DISCONNECT
/*C57*/SET SCHEMA PUBLIC
DISCONNECT
/*C58*/SET SCHEMA PUBLIC
DISCONNECT
/*C59*/SET SCHEMA PUBLIC
DELETE FROM CUSTOMER WHERE ID=2005
INSERT INTO CUSTOMER VALUES(2005,'Andrews','Erica','someone@somewhere.com',1004)
COMMIT
DISCONNECT
/*C60*/SET SCHEMA PUBLIC
DISCONNECT
/*C61*/SET SCHEMA PUBLIC
DROP TABLE id_list
DROP TABLE customer
DROP TABLE address
 CREATE TABLE address ( \u0009id INTEGER PRIMARY KEY, \u0009addr1 VARCHAR(30), \u0009addr2 VARCHAR(30), \u0009city VARCHAR(30), \u0009state VARCHAR(2), \u0009zip VARCHAR(5) )
 CREATE TABLE customer ( \u0009id INTEGER PRIMARY KEY, \u0009lname VARCHAR(30), \u0009fname VARCHAR(25), \u0009email VARCHAR(40), \u0009bill_addr INTEGER, \u0009FOREIGN KEY (bill_addr) REFERENCES address(id) )
 CREATE TABLE id_list (     id INTEGER PRIMARY KEY,     name VARCHAR(255) NOT NULL,     last_id INTEGER NOT NULL,     UNIQUE (name) )
INSERT INTO ADDRESS VALUES(1001,'54 South 9th St',NULL,'Minneapolis','MN','55402')
COMMIT
INSERT INTO ADDRESS VALUES(1002,'27 West Industrival Blvd',NULL,'Edina','MN','55423')
COMMIT
INSERT INTO ADDRESS VALUES(1003,'123 Main St',NULL,'Plymouth','MN','55442')
COMMIT
INSERT INTO ADDRESS VALUES(1004,'123 Main St',NULL,'Plymouth','MA','01003')
COMMIT
INSERT INTO CUSTOMER VALUES(2001,'Johnson','Jane',NULL,1002)
COMMIT
INSERT INTO CUSTOMER VALUES(2002,'Johnson','John',NULL,1002)
COMMIT
INSERT INTO CUSTOMER VALUES(2003,'Smith','Joe',NULL,1001)
COMMIT
INSERT INTO CUSTOMER VALUES(2004,'Jones','Beth',NULL,1003)
COMMIT
INSERT INTO CUSTOMER VALUES(2005,'Andrews','Erica',NULL,1004)
COMMIT
INSERT INTO ID_LIST VALUES(1,'id_list',20)
COMMIT
INSERT INTO ID_LIST VALUES(10,'address',7000)
COMMIT
INSERT INTO ID_LIST VALUES(11,'customer',8000)
COMMIT
DISCONNECT
/*C62*/SET SCHEMA PUBLIC
DISCONNECT
/*C63*/SET SCHEMA PUBLIC
DELETE FROM CUSTOMER WHERE ID=2005
INSERT INTO CUSTOMER VALUES(2005,'Andrews','Erica','someone@somewhere.com',1004)
COMMIT
DISCONNECT
/*C64*/SET SCHEMA PUBLIC
DISCONNECT
/*C65*/SET SCHEMA PUBLIC
DISCONNECT
/*C66*/SET SCHEMA PUBLIC
DELETE FROM CUSTOMER WHERE ID=2005
INSERT INTO CUSTOMER VALUES(2005,'Andrews','Erica','someone@somewhere.com',1004)
COMMIT
DISCONNECT
/*C67*/SET SCHEMA PUBLIC
DISCONNECT
/*C68*/SET SCHEMA PUBLIC
DISCONNECT
/*C69*/SET SCHEMA PUBLIC
DELETE FROM CUSTOMER WHERE ID=2005
INSERT INTO CUSTOMER VALUES(2005,'Andrews','Erica','someone@somewhere.com',1004)
COMMIT
DISCONNECT
/*C70*/SET SCHEMA PUBLIC
DISCONNECT
/*C71*/SET SCHEMA PUBLIC
DISCONNECT
/*C72*/SET SCHEMA PUBLIC
DELETE FROM CUSTOMER WHERE ID=2005
INSERT INTO CUSTOMER VALUES(2005,'Andrews','Erica','someone@somewhere.com',1004)
COMMIT
DISCONNECT
/*C74*/SET SCHEMA PUBLIC
DISCONNECT
/*C75*/SET SCHEMA PUBLIC
DELETE FROM CUSTOMER WHERE ID=2005
INSERT INTO CUSTOMER VALUES(2005,'Andrews','Erica','someone@somewhere.com',1004)
COMMIT
DISCONNECT
/*C73*/SET SCHEMA PUBLIC
DISCONNECT
/*C76*/SET SCHEMA PUBLIC
DISCONNECT
/*C77*/SET SCHEMA PUBLIC
DISCONNECT
/*C78*/SET SCHEMA PUBLIC
DELETE FROM CUSTOMER WHERE ID=2005
INSERT INTO CUSTOMER VALUES(2005,'Andrews','Erica','someone@somewhere.com',1004)
COMMIT
DISCONNECT
/*C79*/SET SCHEMA PUBLIC
DISCONNECT
/*C80*/SET SCHEMA PUBLIC
DISCONNECT
/*C81*/SET SCHEMA PUBLIC
DELETE FROM CUSTOMER WHERE ID=2005
INSERT INTO CUSTOMER VALUES(2005,'Andrews','Erica','someone@somewhere.com',1004)
COMMIT
DISCONNECT
/*C82*/SET SCHEMA PUBLIC
DISCONNECT
/*C83*/SET SCHEMA PUBLIC
DROP TABLE id_list
DROP TABLE customer
DROP TABLE address
 CREATE TABLE address ( \u0009id INTEGER PRIMARY KEY, \u0009addr1 VARCHAR(30), \u0009addr2 VARCHAR(30), \u0009city VARCHAR(30), \u0009state VARCHAR(2), \u0009zip VARCHAR(5) )
 CREATE TABLE customer ( \u0009id INTEGER PRIMARY KEY, \u0009lname VARCHAR(30), \u0009fname VARCHAR(25), \u0009email VARCHAR(40), \u0009bill_addr INTEGER, \u0009FOREIGN KEY (bill_addr) REFERENCES address(id) )
 CREATE TABLE id_list (     id INTEGER PRIMARY KEY,     name VARCHAR(255) NOT NULL,     last_id INTEGER NOT NULL,     UNIQUE (name) )
INSERT INTO ADDRESS VALUES(1001,'54 South 9th St',NULL,'Minneapolis','MN','55402')
COMMIT
INSERT INTO ADDRESS VALUES(1002,'27 West Industrival Blvd',NULL,'Edina','MN','55423')
COMMIT
INSERT INTO ADDRESS VALUES(1003,'123 Main St',NULL,'Plymouth','MN','55442')
COMMIT
INSERT INTO ADDRESS VALUES(1004,'123 Main St',NULL,'Plymouth','MA','01003')
COMMIT
INSERT INTO CUSTOMER VALUES(2001,'Johnson','Jane',NULL,1002)
COMMIT
INSERT INTO CUSTOMER VALUES(2002,'Johnson','John',NULL,1002)
COMMIT
INSERT INTO CUSTOMER VALUES(2003,'Smith','Joe',NULL,1001)
COMMIT
INSERT INTO CUSTOMER VALUES(2004,'Jones','Beth',NULL,1003)
COMMIT
INSERT INTO CUSTOMER VALUES(2005,'Andrews','Erica',NULL,1004)
COMMIT
INSERT INTO ID_LIST VALUES(1,'id_list',20)
COMMIT
INSERT INTO ID_LIST VALUES(10,'address',7000)
COMMIT
INSERT INTO ID_LIST VALUES(11,'customer',8000)
COMMIT
DISCONNECT
/*C84*/SET SCHEMA PUBLIC
DISCONNECT
/*C85*/SET SCHEMA PUBLIC
DELETE FROM CUSTOMER WHERE ID=2005
INSERT INTO CUSTOMER VALUES(2005,'Andrews','Erica','someone@somewhere.com',1004)
COMMIT
DISCONNECT
/*C86*/SET SCHEMA PUBLIC
DISCONNECT
/*C87*/SET SCHEMA PUBLIC
DROP TABLE id_list
DROP TABLE customer
DROP TABLE address
 CREATE TABLE address ( \u0009id INTEGER PRIMARY KEY, \u0009addr1 VARCHAR(30), \u0009addr2 VARCHAR(30), \u0009city VARCHAR(30), \u0009state VARCHAR(2), \u0009zip VARCHAR(5) )
 CREATE TABLE customer ( \u0009id INTEGER PRIMARY KEY, \u0009lname VARCHAR(30), \u0009fname VARCHAR(25), \u0009email VARCHAR(40), \u0009bill_addr INTEGER, \u0009FOREIGN KEY (bill_addr) REFERENCES address(id) )
 CREATE TABLE id_list (     id INTEGER PRIMARY KEY,     name VARCHAR(255) NOT NULL,     last_id INTEGER NOT NULL,     UNIQUE (name) )
INSERT INTO ADDRESS VALUES(1001,'54 South 9th St',NULL,'Minneapolis','MN','55402')
COMMIT
INSERT INTO ADDRESS VALUES(1002,'27 West Industrival Blvd',NULL,'Edina','MN','55423')
COMMIT
INSERT INTO ADDRESS VALUES(1003,'123 Main St',NULL,'Plymouth','MN','55442')
COMMIT
INSERT INTO ADDRESS VALUES(1004,'123 Main St',NULL,'Plymouth','MA','01003')
COMMIT
INSERT INTO CUSTOMER VALUES(2001,'Johnson','Jane',NULL,1002)
COMMIT
INSERT INTO CUSTOMER VALUES(2002,'Johnson','John',NULL,1002)
COMMIT
INSERT INTO CUSTOMER VALUES(2003,'Smith','Joe',NULL,1001)
COMMIT
INSERT INTO CUSTOMER VALUES(2004,'Jones','Beth',NULL,1003)
COMMIT
INSERT INTO CUSTOMER VALUES(2005,'Andrews','Erica',NULL,1004)
COMMIT
INSERT INTO ID_LIST VALUES(1,'id_list',20)
COMMIT
INSERT INTO ID_LIST VALUES(10,'address',7000)
COMMIT
INSERT INTO ID_LIST VALUES(11,'customer',8000)
COMMIT
DISCONNECT
/*C88*/SET SCHEMA PUBLIC
DISCONNECT
/*C89*/SET SCHEMA PUBLIC
DELETE FROM CUSTOMER WHERE ID=2005
INSERT INTO CUSTOMER VALUES(2005,'Andrews','Erica','someone@somewhere.com',1004)
COMMIT
DISCONNECT
/*C90*/SET SCHEMA PUBLIC
DISCONNECT
/*C91*/SET SCHEMA PUBLIC
DISCONNECT
/*C92*/SET SCHEMA PUBLIC
DELETE FROM CUSTOMER WHERE ID=2005
INSERT INTO CUSTOMER VALUES(2005,'Andrews','Erica','someone@somewhere.com',1004)
COMMIT
DISCONNECT
/*C93*/SET SCHEMA PUBLIC
DISCONNECT
/*C94*/SET SCHEMA PUBLIC
DISCONNECT
/*C95*/SET SCHEMA PUBLIC
DELETE FROM CUSTOMER WHERE ID=2005
INSERT INTO CUSTOMER VALUES(2005,'Andrews','Erica','someone@somewhere.com',1004)
COMMIT
DISCONNECT
/*C96*/SET SCHEMA PUBLIC
DISCONNECT
/*C97*/SET SCHEMA PUBLIC
DROP TABLE id_list
DROP TABLE customer
DROP TABLE address
 CREATE TABLE address ( \u0009id INTEGER PRIMARY KEY, \u0009addr1 VARCHAR(30), \u0009addr2 VARCHAR(30), \u0009city VARCHAR(30), \u0009state VARCHAR(2), \u0009zip VARCHAR(5) )
 CREATE TABLE customer ( \u0009id INTEGER PRIMARY KEY, \u0009lname VARCHAR(30), \u0009fname VARCHAR(25), \u0009email VARCHAR(40), \u0009bill_addr INTEGER, \u0009FOREIGN KEY (bill_addr) REFERENCES address(id) )
 CREATE TABLE id_list (     id INTEGER PRIMARY KEY,     name VARCHAR(255) NOT NULL,     last_id INTEGER NOT NULL,     UNIQUE (name) )
INSERT INTO ADDRESS VALUES(1001,'54 South 9th St',NULL,'Minneapolis','MN','55402')
COMMIT
INSERT INTO ADDRESS VALUES(1002,'27 West Industrival Blvd',NULL,'Edina','MN','55423')
COMMIT
INSERT INTO ADDRESS VALUES(1003,'123 Main St',NULL,'Plymouth','MN','55442')
COMMIT
INSERT INTO ADDRESS VALUES(1004,'123 Main St',NULL,'Plymouth','MA','01003')
COMMIT
INSERT INTO CUSTOMER VALUES(2001,'Johnson','Jane',NULL,1002)
COMMIT
INSERT INTO CUSTOMER VALUES(2002,'Johnson','John',NULL,1002)
COMMIT
INSERT INTO CUSTOMER VALUES(2003,'Smith','Joe',NULL,1001)
COMMIT
INSERT INTO CUSTOMER VALUES(2004,'Jones','Beth',NULL,1003)
COMMIT
INSERT INTO CUSTOMER VALUES(2005,'Andrews','Erica',NULL,1004)
COMMIT
INSERT INTO ID_LIST VALUES(1,'id_list',20)
COMMIT
INSERT INTO ID_LIST VALUES(10,'address',7000)
COMMIT
INSERT INTO ID_LIST VALUES(11,'customer',8000)
COMMIT
DISCONNECT
/*C98*/SET SCHEMA PUBLIC
DISCONNECT
/*C99*/SET SCHEMA PUBLIC
DELETE FROM CUSTOMER WHERE ID=2005
INSERT INTO CUSTOMER VALUES(2005,'Andrews','Erica','someone@somewhere.com',1004)
COMMIT
DISCONNECT
/*C100*/SET SCHEMA PUBLIC
DELETE FROM ID_LIST WHERE ID=11
INSERT INTO ID_LIST VALUES(11,'customer',8001)
INSERT INTO CUSTOMER VALUES(8001,'O''Riley','Baba','who@next.com',NULL)
COMMIT
DISCONNECT
/*C101*/SET SCHEMA PUBLIC
DISCONNECT
/*C102*/SET SCHEMA PUBLIC
DELETE FROM CUSTOMER WHERE ID=2005
INSERT INTO CUSTOMER VALUES(2005,'Andrews','Erica','someone@somewhere.com',1004)
COMMIT
DISCONNECT
/*C103*/SET SCHEMA PUBLIC
DELETE FROM ID_LIST WHERE ID=11
INSERT INTO ID_LIST VALUES(11,'customer',8002)
INSERT INTO CUSTOMER VALUES(8002,'O''Riley','Baba','who@next.com',NULL)
COMMIT
DISCONNECT
/*C104*/SET SCHEMA PUBLIC
DISCONNECT
/*C105*/SET SCHEMA PUBLIC
DELETE FROM CUSTOMER WHERE ID=2005
INSERT INTO CUSTOMER VALUES(2005,'Andrews','Erica','someone@somewhere.com',1004)
COMMIT
DISCONNECT
/*C106*/SET SCHEMA PUBLIC
DELETE FROM ID_LIST WHERE ID=11
INSERT INTO ID_LIST VALUES(11,'customer',8003)
INSERT INTO CUSTOMER VALUES(8003,'O''Riley','Baba','who@next.com',NULL)
COMMIT
DISCONNECT
/*C107*/SET SCHEMA PUBLIC
DISCONNECT
/*C109*/SET SCHEMA PUBLIC
DROP TABLE id_list
DROP TABLE customer
DROP TABLE address
 CREATE TABLE address ( \u0009id INTEGER PRIMARY KEY, \u0009addr1 VARCHAR(30), \u0009addr2 VARCHAR(30), \u0009city VARCHAR(30), \u0009state VARCHAR(2), \u0009zip VARCHAR(5) )
 CREATE TABLE customer ( \u0009id INTEGER PRIMARY KEY, \u0009lname VARCHAR(30), \u0009fname VARCHAR(25), \u0009email VARCHAR(40), \u0009bill_addr INTEGER, \u0009FOREIGN KEY (bill_addr) REFERENCES address(id) )
 CREATE TABLE id_list (     id INTEGER PRIMARY KEY,     name VARCHAR(255) NOT NULL,     last_id INTEGER NOT NULL,     UNIQUE (name) )
INSERT INTO ADDRESS VALUES(1001,'54 South 9th St',NULL,'Minneapolis','MN','55402')
COMMIT
INSERT INTO ADDRESS VALUES(1002,'27 West Industrival Blvd',NULL,'Edina','MN','55423')
COMMIT
INSERT INTO ADDRESS VALUES(1003,'123 Main St',NULL,'Plymouth','MN','55442')
COMMIT
INSERT INTO ADDRESS VALUES(1004,'123 Main St',NULL,'Plymouth','MA','01003')
COMMIT
INSERT INTO CUSTOMER VALUES(2001,'Johnson','Jane',NULL,1002)
COMMIT
INSERT INTO CUSTOMER VALUES(2002,'Johnson','John',NULL,1002)
COMMIT
INSERT INTO CUSTOMER VALUES(2003,'Smith','Joe',NULL,1001)
COMMIT
INSERT INTO CUSTOMER VALUES(2004,'Jones','Beth',NULL,1003)
COMMIT
INSERT INTO CUSTOMER VALUES(2005,'Andrews','Erica',NULL,1004)
COMMIT
/*C108*/SET SCHEMA PUBLIC
DELETE FROM CUSTOMER WHERE ID=2005
INSERT INTO CUSTOMER VALUES(2005,'Andrews','Erica','someone@somewhere.com',1004)
COMMIT
DISCONNECT
/*C109*/INSERT INTO ID_LIST VALUES(1,'id_list',20)
COMMIT
INSERT INTO ID_LIST VALUES(10,'address',7000)
COMMIT
INSERT INTO ID_LIST VALUES(11,'customer',8000)
COMMIT
DISCONNECT
/*C110*/SET SCHEMA PUBLIC
DELETE FROM ID_LIST WHERE ID=11
INSERT INTO ID_LIST VALUES(11,'customer',8001)
INSERT INTO CUSTOMER VALUES(8001,'O''Riley','Baba','who@next.com',NULL)
COMMIT
DISCONNECT
/*C111*/SET SCHEMA PUBLIC
DISCONNECT
/*C112*/SET SCHEMA PUBLIC
DELETE FROM CUSTOMER WHERE ID=2005
INSERT INTO CUSTOMER VALUES(2005,'Andrews','Erica','someone@somewhere.com',1004)
COMMIT
DISCONNECT
/*C113*/SET SCHEMA PUBLIC
DELETE FROM ID_LIST WHERE ID=11
INSERT INTO ID_LIST VALUES(11,'customer',8002)
INSERT INTO CUSTOMER VALUES(8002,'O''Riley','Baba','who@next.com',NULL)
COMMIT
DISCONNECT
/*C114*/SET SCHEMA PUBLIC
DISCONNECT
/*C115*/SET SCHEMA PUBLIC
DELETE FROM CUSTOMER WHERE ID=2005
INSERT INTO CUSTOMER VALUES(2005,'Andrews','Erica','someone@somewhere.com',1004)
COMMIT
DISCONNECT
/*C116*/SET SCHEMA PUBLIC
DELETE FROM ID_LIST WHERE ID=11
INSERT INTO ID_LIST VALUES(11,'customer',8003)
INSERT INTO CUSTOMER VALUES(8003,'O''Riley','Baba','who@next.com',NULL)
COMMIT
DISCONNECT
/*C117*/SET SCHEMA PUBLIC
DISCONNECT
/*C118*/SET SCHEMA PUBLIC
DELETE FROM CUSTOMER WHERE ID=2005
INSERT INTO CUSTOMER VALUES(2005,'Andrews','Erica','someone@somewhere.com',1004)
COMMIT
DISCONNECT
/*C119*/SET SCHEMA PUBLIC
DELETE FROM ID_LIST WHERE ID=11
INSERT INTO ID_LIST VALUES(11,'customer',8004)
INSERT INTO CUSTOMER VALUES(8004,'O''Riley','Baba','who@next.com',NULL)
COMMIT
DISCONNECT
/*C120*/SET SCHEMA PUBLIC
DISCONNECT
/*C121*/SET SCHEMA PUBLIC
DELETE FROM CUSTOMER WHERE ID=2005
INSERT INTO CUSTOMER VALUES(2005,'Andrews','Erica','someone@somewhere.com',1004)
COMMIT
DISCONNECT
/*C122*/SET SCHEMA PUBLIC
DELETE FROM ID_LIST WHERE ID=11
INSERT INTO ID_LIST VALUES(11,'customer',8005)
INSERT INTO CUSTOMER VALUES(8005,'O''Riley','Baba','who@next.com',NULL)
COMMIT
DISCONNECT
/*C123*/SET SCHEMA PUBLIC
DISCONNECT
/*C124*/SET SCHEMA PUBLIC
DELETE FROM CUSTOMER WHERE ID=2005
INSERT INTO CUSTOMER VALUES(2005,'Andrews','Erica','someone@somewhere.com',1004)
COMMIT
DISCONNECT
/*C125*/SET SCHEMA PUBLIC
DELETE FROM ID_LIST WHERE ID=11
INSERT INTO ID_LIST VALUES(11,'customer',8006)
INSERT INTO CUSTOMER VALUES(8006,'O''Riley','Baba','who@next.com',NULL)
COMMIT
DISCONNECT
/*C126*/SET SCHEMA PUBLIC
DISCONNECT
/*C127*/SET SCHEMA PUBLIC
DELETE FROM CUSTOMER WHERE ID=2005
INSERT INTO CUSTOMER VALUES(2005,'Andrews','Erica','someone@somewhere.com',1004)
COMMIT
DISCONNECT
/*C128*/SET SCHEMA PUBLIC
DELETE FROM ID_LIST WHERE ID=11
INSERT INTO ID_LIST VALUES(11,'customer',8007)
INSERT INTO CUSTOMER VALUES(8007,'O''Riley','Baba','who@next.com',NULL)
COMMIT
DISCONNECT
/*C53*/SET SCHEMA PUBLIC
DISCONNECT
/*C129*/SET SCHEMA PUBLIC
DROP TABLE id_list
DROP TABLE customer
DROP TABLE address
 CREATE TABLE address ( \u0009id INTEGER PRIMARY KEY, \u0009addr1 VARCHAR(30), \u0009addr2 VARCHAR(30), \u0009city VARCHAR(30), \u0009state VARCHAR(2), \u0009zip VARCHAR(5) )
 CREATE TABLE customer ( \u0009id INTEGER PRIMARY KEY, \u0009lname VARCHAR(30), \u0009fname VARCHAR(25), \u0009email VARCHAR(40), \u0009bill_addr INTEGER, \u0009FOREIGN KEY (bill_addr) REFERENCES address(id) )
 CREATE TABLE id_list (     id INTEGER PRIMARY KEY,     name VARCHAR(255) NOT NULL,     last_id INTEGER NOT NULL,     UNIQUE (name) )
INSERT INTO ADDRESS VALUES(1001,'54 South 9th St',NULL,'Minneapolis','MN','55402')
COMMIT
INSERT INTO ADDRESS VALUES(1002,'27 West Industrival Blvd',NULL,'Edina','MN','55423')
COMMIT
INSERT INTO ADDRESS VALUES(1003,'123 Main St',NULL,'Plymouth','MN','55442')
COMMIT
INSERT INTO ADDRESS VALUES(1004,'123 Main St',NULL,'Plymouth','MA','01003')
COMMIT
INSERT INTO CUSTOMER VALUES(2001,'Johnson','Jane',NULL,1002)
COMMIT
INSERT INTO CUSTOMER VALUES(2002,'Johnson','John',NULL,1002)
COMMIT
INSERT INTO CUSTOMER VALUES(2003,'Smith','Joe',NULL,1001)
COMMIT
INSERT INTO CUSTOMER VALUES(2004,'Jones','Beth',NULL,1003)
COMMIT
INSERT INTO CUSTOMER VALUES(2005,'Andrews','Erica',NULL,1004)
COMMIT
INSERT INTO ID_LIST VALUES(1,'id_list',20)
COMMIT
INSERT INTO ID_LIST VALUES(10,'address',7000)
COMMIT
INSERT INTO ID_LIST VALUES(11,'customer',8000)
COMMIT
DISCONNECT
